[INFO ] 2021-08-02 09:51:37.011 [Test worker] LogClass - Checking actual and expected title
[INFO ] 2021-08-02 12:56:45.360 [Test worker] LogClass - Checking actual and expected title
[INFO ] 2021-08-02 12:59:14.753 [Test worker] LogClass - print Title
[INFO ] 2021-08-02 15:45:33.855 [Test worker] LogClass - Test is starting
[INFO ] 2021-08-02 15:45:52.475 [Test worker] LogClass - chrome is starting
[INFO ] 2021-08-02 15:51:06.801 [Test worker] LogClass - Test is starting
[INFO ] 2021-08-02 15:51:08.820 [Test worker] LogClass - chrome is starting
[INFO ] 2021-08-02 15:51:25.072 [Test worker] LogClass - navigating to url : https://www.bookswagon.com/
[INFO ] 2021-08-02 15:51:37.095 [Test worker] LogClass - Launched the web application.
[INFO ] 2021-08-02 15:51:42.302 [Test worker] LogClass - Login with Invalid credentials
[INFO ] 2021-08-02 15:51:52.187 [Test worker] LogClass - Please enter valid credentials
[INFO ] 2021-08-02 15:52:04.029 [Test worker] LogClass - Browser is closed
[INFO ] 2021-08-02 15:52:06.704 [Test worker] LogClass - Test is ended
[INFO ] 2021-08-02 15:53:58.169 [Test worker] LogClass - Test is starting
[INFO ] 2021-08-02 15:53:58.947 [Test worker] LogClass - chrome is starting
[INFO ] 2021-08-02 15:54:13.263 [Test worker] LogClass - navigating to url : https://www.bookswagon.com/
[INFO ] 2021-08-02 15:54:27.153 [Test worker] LogClass - Launched the web application.
[INFO ] 2021-08-02 15:54:41.728 [Test worker] LogClass - Login with valid credentials
[INFO ] 2021-08-02 15:54:54.255 [Test worker] LogClass - Checking actual and expected title
[INFO ] 2021-08-02 15:55:04.226 [Test worker] LogClass - Browser is closed
[INFO ] 2021-08-02 15:55:04.844 [Test worker] LogClass - Test is ended
[INFO ] 2021-08-02 16:01:04.280 [Test worker] LogClass - Test is starting
[INFO ] 2021-08-02 16:01:06.663 [Test worker] LogClass - chrome is starting
[INFO ] 2021-08-02 16:01:33.015 [Test worker] LogClass - navigating to url : https://www.bookswagon.com/
[INFO ] 2021-08-02 16:01:49.498 [Test worker] LogClass - Launched the web application.
[INFO ] 2021-08-02 16:01:59.598 [Test worker] LogClass - add to wishlist
[INFO ] 2021-08-02 16:03:45.766 [Test worker] LogClass - Browser is closed
[INFO ] 2021-08-02 16:04:06.973 [Test worker] LogClass - Test is ended
[INFO ] 2021-08-02 16:08:21.324 [Test worker] LogClass - Test is starting
[INFO ] 2021-08-02 16:08:22.904 [Test worker] LogClass - chrome is starting
[INFO ] 2021-08-02 16:08:41.132 [Test worker] LogClass - navigating to url : https://www.bookswagon.com/
[INFO ] 2021-08-02 16:08:52.169 [Test worker] LogClass - Launched the web application.
[INFO ] 2021-08-02 16:09:03.547 [Test worker] LogClass - Login with valid credentials
[INFO ] 2021-08-02 16:09:22.129 [Test worker] LogClass - Checking actual and expected title
[INFO ] 2021-08-02 16:09:39.362 [Test worker] LogClass - Browser is closed
[INFO ] 2021-08-02 16:09:40.366 [Test worker] LogClass - Test is ended
[INFO ] 2021-08-02 18:59:43.671 [Test worker] LogClass - Test is starting
[INFO ] 2021-08-02 18:59:52.624 [Test worker] LogClass - chrome is starting
[INFO ] 2021-08-02 19:00:58.791 [Test worker] LogClass - navigating to url : https://www.bookswagon.com/
[INFO ] 2021-08-02 19:01:18.627 [Test worker] LogClass - Launched the web application.
[INFO ] 2021-08-02 19:01:46.261 [Test worker] LogClass - print all properties
[INFO ] 2021-08-02 19:02:08.069 [Test worker] LogClass - Checking title actual and expected
[INFO ] 2021-08-02 19:02:09.607 [Test worker] LogClass - searchBook_test:take success screenshot
[INFO ] 2021-08-02 19:02:21.546 [Test worker] LogClass - Browser is closed
[INFO ] 2021-08-02 19:02:21.811 [Test worker] LogClass - Test is ended
